Analysis & Synthesis report for elevator5
Sun Aug 12 18:24:41 2018
Quartus Prime Version 17.0.0 Build 595 04/25/2017 SJ Lite Edition


---------------------
; Table of Contents ;
---------------------
  1. Legal Notice
  2. Analysis & Synthesis Summary
  3. Analysis & Synthesis Settings
  4. Parallel Compilation
  5. Analysis & Synthesis Source Files Read
  6. Analysis & Synthesis Resource Usage Summary
  7. Analysis & Synthesis Resource Utilization by Entity
  8. State Machine - |elevator5|control:c2|current_state
  9. State Machine - |elevator5|control:c1|current_state
 10. User-Specified and Inferred Latches
 11. Registers Removed During Synthesis
 12. General Register Statistics
 13. Multiplexer Restructuring Statistics (Restructuring Performed)
 14. Port Connectivity Checks: "decoder:dc3"
 15. Port Connectivity Checks: "decoder:dc2"
 16. Port Connectivity Checks: "ratedividerdoors:r5"
 17. Port Connectivity Checks: "ratedivider:r4"
 18. Port Connectivity Checks: "ratedivider:r3"
 19. Port Connectivity Checks: "ratedividerdoors:r2"
 20. Port Connectivity Checks: "ratedivider:r1"
 21. Port Connectivity Checks: "ratedivider:r0"
 22. Port Connectivity Checks: "control:c2"
 23. Port Connectivity Checks: "control:c1"
 24. Post-Synthesis Netlist Statistics for Top Partition
 25. Elapsed Time Per Partition
 26. Analysis & Synthesis Messages



----------------
; Legal Notice ;
----------------
Copyright (C) 2017  Intel Corporation. All rights reserved.
Your use of Intel Corporation's design tools, logic functions 
and other software and tools, and its AMPP partner logic 
functions, and any output files from any of the foregoing 
(including device programming or simulation files), and any 
associated documentation or information are expressly subject 
to the terms and conditions of the Intel Program License 
Subscription Agreement, the Intel Quartus Prime License Agreement,
the Intel MegaCore Function License Agreement, or other 
applicable license agreement, including, without limitation, 
that your use is for the sole purpose of programming logic 
devices manufactured by Intel and sold by Intel or its 
authorized distributors.  Please refer to the applicable 
agreement for further details.



+-------------------------------------------------------------------------------+
; Analysis & Synthesis Summary                                                  ;
+---------------------------------+---------------------------------------------+
; Analysis & Synthesis Status     ; Successful - Sun Aug 12 18:24:41 2018       ;
; Quartus Prime Version           ; 17.0.0 Build 595 04/25/2017 SJ Lite Edition ;
; Revision Name                   ; elevator5                                   ;
; Top-level Entity Name           ; elevator5                                   ;
; Family                          ; Cyclone V                                   ;
; Logic utilization (in ALMs)     ; N/A                                         ;
; Total registers                 ; 44                                          ;
; Total pins                      ; 67                                          ;
; Total virtual pins              ; 0                                           ;
; Total block memory bits         ; 0                                           ;
; Total DSP Blocks                ; 0                                           ;
; Total HSSI RX PCSs              ; 0                                           ;
; Total HSSI PMA RX Deserializers ; 0                                           ;
; Total HSSI TX PCSs              ; 0                                           ;
; Total HSSI PMA TX Serializers   ; 0                                           ;
; Total PLLs                      ; 0                                           ;
; Total DLLs                      ; 0                                           ;
+---------------------------------+---------------------------------------------+


+---------------------------------------------------------------------------------------------------------------------------+
; Analysis & Synthesis Settings                                                                                             ;
+---------------------------------------------------------------------------------+--------------------+--------------------+
; Option                                                                          ; Setting            ; Default Value      ;
+---------------------------------------------------------------------------------+--------------------+--------------------+
; Device                                                                          ; 5CSEMA5F31C6       ;                    ;
; Top-level entity name                                                           ; elevator5          ; elevator5          ;
; Family name                                                                     ; Cyclone V          ; Cyclone V          ;
; Use smart compilation                                                           ; Off                ; Off                ;
; Enable parallel Assembler and TimeQuest Timing Analyzer during compilation      ; On                 ; On                 ;
; Enable compact report table                                                     ; Off                ; Off                ;
; Restructure Multiplexers                                                        ; Auto               ; Auto               ;
; MLAB Add Timing Constraints For Mixed-Port Feed-Through Mode Setting Don't Care ; Off                ; Off                ;
; Create Debugging Nodes for IP Cores                                             ; Off                ; Off                ;
; Preserve fewer node names                                                       ; On                 ; On                 ;
; OpenCore Plus hardware evaluation                                               ; Enable             ; Enable             ;
; Verilog Version                                                                 ; Verilog_2001       ; Verilog_2001       ;
; VHDL Version                                                                    ; VHDL_1993          ; VHDL_1993          ;
; State Machine Processing                                                        ; Auto               ; Auto               ;
; Safe State Machine                                                              ; Off                ; Off                ;
; Extract Verilog State Machines                                                  ; On                 ; On                 ;
; Extract VHDL State Machines                                                     ; On                 ; On                 ;
; Ignore Verilog initial constructs                                               ; Off                ; Off                ;
; Iteration limit for constant Verilog loops                                      ; 5000               ; 5000               ;
; Iteration limit for non-constant Verilog loops                                  ; 250                ; 250                ;
; Add Pass-Through Logic to Inferred RAMs                                         ; On                 ; On                 ;
; Infer RAMs from Raw Logic                                                       ; On                 ; On                 ;
; Parallel Synthesis                                                              ; On                 ; On                 ;
; DSP Block Balancing                                                             ; Auto               ; Auto               ;
; NOT Gate Push-Back                                                              ; On                 ; On                 ;
; Power-Up Don't Care                                                             ; On                 ; On                 ;
; Remove Redundant Logic Cells                                                    ; Off                ; Off                ;
; Remove Duplicate Registers                                                      ; On                 ; On                 ;
; Ignore CARRY Buffers                                                            ; Off                ; Off                ;
; Ignore CASCADE Buffers                                                          ; Off                ; Off                ;
; Ignore GLOBAL Buffers                                                           ; Off                ; Off                ;
; Ignore ROW GLOBAL Buffers                                                       ; Off                ; Off                ;
; Ignore LCELL Buffers                                                            ; Off                ; Off                ;
; Ignore SOFT Buffers                                                             ; On                 ; On                 ;
; Limit AHDL Integers to 32 Bits                                                  ; Off                ; Off                ;
; Optimization Technique                                                          ; Balanced           ; Balanced           ;
; Carry Chain Length                                                              ; 70                 ; 70                 ;
; Auto Carry Chains                                                               ; On                 ; On                 ;
; Auto Open-Drain Pins                                                            ; On                 ; On                 ;
; Perform WYSIWYG Primitive Resynthesis                                           ; Off                ; Off                ;
; Auto ROM Replacement                                                            ; On                 ; On                 ;
; Auto RAM Replacement                                                            ; On                 ; On                 ;
; Auto DSP Block Replacement                                                      ; On                 ; On                 ;
; Auto Shift Register Replacement                                                 ; Auto               ; Auto               ;
; Allow Shift Register Merging across Hierarchies                                 ; Auto               ; Auto               ;
; Auto Clock Enable Replacement                                                   ; On                 ; On                 ;
; Strict RAM Replacement                                                          ; Off                ; Off                ;
; Allow Synchronous Control Signals                                               ; On                 ; On                 ;
; Force Use of Synchronous Clear Signals                                          ; Off                ; Off                ;
; Auto Resource Sharing                                                           ; Off                ; Off                ;
; Allow Any RAM Size For Recognition                                              ; Off                ; Off                ;
; Allow Any ROM Size For Recognition                                              ; Off                ; Off                ;
; Allow Any Shift Register Size For Recognition                                   ; Off                ; Off                ;
; Use LogicLock Constraints during Resource Balancing                             ; On                 ; On                 ;
; Ignore translate_off and synthesis_off directives                               ; Off                ; Off                ;
; Timing-Driven Synthesis                                                         ; On                 ; On                 ;
; Report Parameter Settings                                                       ; On                 ; On                 ;
; Report Source Assignments                                                       ; On                 ; On                 ;
; Report Connectivity Checks                                                      ; On                 ; On                 ;
; Ignore Maximum Fan-Out Assignments                                              ; Off                ; Off                ;
; Synchronization Register Chain Length                                           ; 3                  ; 3                  ;
; PowerPlay Power Optimization During Synthesis                                   ; Normal compilation ; Normal compilation ;
; HDL message level                                                               ; Level2             ; Level2             ;
; Suppress Register Optimization Related Messages                                 ; Off                ; Off                ;
; Number of Removed Registers Reported in Synthesis Report                        ; 5000               ; 5000               ;
; Number of Swept Nodes Reported in Synthesis Report                              ; 5000               ; 5000               ;
; Number of Inverted Registers Reported in Synthesis Report                       ; 100                ; 100                ;
; Clock MUX Protection                                                            ; On                 ; On                 ;
; Auto Gated Clock Conversion                                                     ; Off                ; Off                ;
; Block Design Naming                                                             ; Auto               ; Auto               ;
; SDC constraint protection                                                       ; Off                ; Off                ;
; Synthesis Effort                                                                ; Auto               ; Auto               ;
; Shift Register Replacement - Allow Asynchronous Clear Signal                    ; On                 ; On                 ;
; Pre-Mapping Resynthesis Optimization                                            ; Off                ; Off                ;
; Analysis & Synthesis Message Level                                              ; Medium             ; Medium             ;
; Disable Register Merging Across Hierarchies                                     ; Auto               ; Auto               ;
; Resource Aware Inference For Block RAM                                          ; On                 ; On                 ;
; Automatic Parallel Synthesis                                                    ; On                 ; On                 ;
; Partial Reconfiguration Bitstream ID                                            ; Off                ; Off                ;
+---------------------------------------------------------------------------------+--------------------+--------------------+


+------------------------------------------+
; Parallel Compilation                     ;
+----------------------------+-------------+
; Processors                 ; Number      ;
+----------------------------+-------------+
; Number detected on machine ; 48          ;
; Maximum allowed            ; 16          ;
;                            ;             ;
; Average used               ; 1.00        ;
; Maximum used               ; 16          ;
;                            ;             ;
; Usage by Processor         ; % Time Used ;
;     Processor 1            ; 100.0%      ;
;     Processor 2            ;   0.0%      ;
;     Processors 3-16        ;   0.0%      ;
+----------------------------+-------------+


+-------------------------------------------------------------------------------------------------------------------------------------+
; Analysis & Synthesis Source Files Read                                                                                              ;
+----------------------------------+-----------------+------------------------+---------------------------------------------+---------+
; File Name with User-Entered Path ; Used in Netlist ; File Type              ; File Name with Absolute Path                ; Library ;
+----------------------------------+-----------------+------------------------+---------------------------------------------+---------+
; elevator5.v                      ; yes             ; User Verilog HDL File  ; /h/u15/c5/00/mathur15/elevator5/elevator5.v ;         ;
+----------------------------------+-----------------+------------------------+---------------------------------------------+---------+


+--------------------------------------------------------------+
; Analysis & Synthesis Resource Usage Summary                  ;
+---------------------------------------------+----------------+
; Resource                                    ; Usage          ;
+---------------------------------------------+----------------+
; Estimate of Logic utilization (ALMs needed) ; 67             ;
;                                             ;                ;
; Combinational ALUT usage for logic          ; 111            ;
;     -- 7 input functions                    ; 0              ;
;     -- 6 input functions                    ; 22             ;
;     -- 5 input functions                    ; 33             ;
;     -- 4 input functions                    ; 28             ;
;     -- <=3 input functions                  ; 28             ;
;                                             ;                ;
; Dedicated logic registers                   ; 44             ;
;                                             ;                ;
; I/O pins                                    ; 67             ;
;                                             ;                ;
; Total DSP Blocks                            ; 0              ;
;                                             ;                ;
; Maximum fan-out node                        ; CLOCK_50~input ;
; Maximum fan-out                             ; 44             ;
; Total fan-out                               ; 690            ;
; Average fan-out                             ; 2.39           ;
+---------------------------------------------+----------------+


+--------------------------------------------------------------------------------------------------------------------------------------------------------------------------------------------------------+
; Analysis & Synthesis Resource Utilization by Entity                                                                                                                                                    ;
+----------------------------+---------------------+---------------------------+-------------------+------------+------+--------------+--------------------------------+------------------+--------------+
; Compilation Hierarchy Node ; Combinational ALUTs ; Dedicated Logic Registers ; Block Memory Bits ; DSP Blocks ; Pins ; Virtual Pins ; Full Hierarchy Name            ; Entity Name      ; Library Name ;
+----------------------------+---------------------+---------------------------+-------------------+------------+------+--------------+--------------------------------+------------------+--------------+
; |elevator5                 ; 111 (4)             ; 44 (0)                    ; 0                 ; 0          ; 67   ; 0            ; |elevator5                     ; elevator5        ; work         ;
;    |control:c1|            ; 12 (12)             ; 4 (4)                     ; 0                 ; 0          ; 0    ; 0            ; |elevator5|control:c1          ; control          ; work         ;
;    |control:c2|            ; 13 (13)             ; 4 (4)                     ; 0                 ; 0          ; 0    ; 0            ; |elevator5|control:c2          ; control          ; work         ;
;    |control_master:cm|     ; 39 (39)             ; 6 (6)                     ; 0                 ; 0          ; 0    ; 0            ; |elevator5|control_master:cm   ; control_master   ; work         ;
;    |datapath:data1|        ; 5 (5)               ; 2 (2)                     ; 0                 ; 0          ; 0    ; 0            ; |elevator5|datapath:data1      ; datapath         ; work         ;
;    |datapath:data2|        ; 5 (5)               ; 2 (2)                     ; 0                 ; 0          ; 0    ; 0            ; |elevator5|datapath:data2      ; datapath         ; work         ;
;    |decoder:dc2|           ; 2 (2)               ; 0 (0)                     ; 0                 ; 0          ; 0    ; 0            ; |elevator5|decoder:dc2         ; decoder          ; work         ;
;    |decoder:dc3|           ; 2 (2)               ; 0 (0)                     ; 0                 ; 0          ; 0    ; 0            ; |elevator5|decoder:dc3         ; decoder          ; work         ;
;    |ratedivider:r0|        ; 3 (3)               ; 3 (3)                     ; 0                 ; 0          ; 0    ; 0            ; |elevator5|ratedivider:r0      ; ratedivider      ; work         ;
;    |ratedivider:r1|        ; 3 (3)               ; 3 (3)                     ; 0                 ; 0          ; 0    ; 0            ; |elevator5|ratedivider:r1      ; ratedivider      ; work         ;
;    |ratedivider:r3|        ; 3 (3)               ; 3 (3)                     ; 0                 ; 0          ; 0    ; 0            ; |elevator5|ratedivider:r3      ; ratedivider      ; work         ;
;    |ratedivider:r4|        ; 3 (3)               ; 3 (3)                     ; 0                 ; 0          ; 0    ; 0            ; |elevator5|ratedivider:r4      ; ratedivider      ; work         ;
;    |ratedividerdoors:r2|   ; 5 (5)               ; 5 (5)                     ; 0                 ; 0          ; 0    ; 0            ; |elevator5|ratedividerdoors:r2 ; ratedividerdoors ; work         ;
;    |ratedividerdoors:r5|   ; 5 (5)               ; 5 (5)                     ; 0                 ; 0          ; 0    ; 0            ; |elevator5|ratedividerdoors:r5 ; ratedividerdoors ; work         ;
;    |register:fl0|          ; 1 (1)               ; 1 (1)                     ; 0                 ; 0          ; 0    ; 0            ; |elevator5|register:fl0        ; register         ; work         ;
;    |register:fl1|          ; 2 (2)               ; 1 (1)                     ; 0                 ; 0          ; 0    ; 0            ; |elevator5|register:fl1        ; register         ; work         ;
;    |register:fl2|          ; 2 (2)               ; 1 (1)                     ; 0                 ; 0          ; 0    ; 0            ; |elevator5|register:fl2        ; register         ; work         ;
;    |register:fl3|          ; 2 (2)               ; 1 (1)                     ; 0                 ; 0          ; 0    ; 0            ; |elevator5|register:fl3        ; register         ; work         ;
+----------------------------+---------------------+---------------------------+-------------------+------------+------+--------------+--------------------------------+------------------+--------------+
Note: For table entries with two numbers listed, the numbers in parentheses indicate the number of resources of the given type used by the specific entity alone. The numbers listed outside of parentheses indicate the total resources of the given type used by the specific entity and all of its sub-entities in the hierarchy.


Encoding Type:  One-Hot
+----------------------------------------------------------------------------------------------------------------------+
; State Machine - |elevator5|control:c2|current_state                                                                  ;
+------------------------+------------------------+------------------------+----------------------+--------------------+
; Name                   ; current_state.dooropen ; current_state.movedown ; current_state.moveup ; current_state.idle ;
+------------------------+------------------------+------------------------+----------------------+--------------------+
; current_state.idle     ; 0                      ; 0                      ; 0                    ; 0                  ;
; current_state.moveup   ; 0                      ; 0                      ; 1                    ; 1                  ;
; current_state.movedown ; 0                      ; 1                      ; 0                    ; 1                  ;
; current_state.dooropen ; 1                      ; 0                      ; 0                    ; 1                  ;
+------------------------+------------------------+------------------------+----------------------+--------------------+


Encoding Type:  One-Hot
+----------------------------------------------------------------------------------------------------------------------+
; State Machine - |elevator5|control:c1|current_state                                                                  ;
+------------------------+------------------------+------------------------+----------------------+--------------------+
; Name                   ; current_state.dooropen ; current_state.movedown ; current_state.moveup ; current_state.idle ;
+------------------------+------------------------+------------------------+----------------------+--------------------+
; current_state.idle     ; 0                      ; 0                      ; 0                    ; 0                  ;
; current_state.moveup   ; 0                      ; 0                      ; 1                    ; 1                  ;
; current_state.movedown ; 0                      ; 1                      ; 0                    ; 1                  ;
; current_state.dooropen ; 1                      ; 0                      ; 0                    ; 1                  ;
+------------------------+------------------------+------------------------+----------------------+--------------------+


+----------------------------------------------------------------------------------------------------+
; User-Specified and Inferred Latches                                                                ;
+----------------------------------------------------+----------------------+------------------------+
; Latch Name                                         ; Latch Enable Signal  ; Free of Timing Hazards ;
+----------------------------------------------------+----------------------+------------------------+
; control:c1|move_up                                 ; control:c1|Selector4 ; yes                    ;
; control:c2|move_up                                 ; control:c2|Selector4 ; yes                    ;
; Number of user-specified and inferred latches = 2  ;                      ;                        ;
+----------------------------------------------------+----------------------+------------------------+
Note: All latches listed above may not be present at the end of synthesis due to various synthesis optimizations.


+------------------------------------------------------------+
; Registers Removed During Synthesis                         ;
+---------------------------------------+--------------------+
; Register name                         ; Reason for Removal ;
+---------------------------------------+--------------------+
; control:c2|current_state~2            ; Lost fanout        ;
; control:c2|current_state~3            ; Lost fanout        ;
; control:c1|current_state~2            ; Lost fanout        ;
; control:c1|current_state~3            ; Lost fanout        ;
; Total Number of Removed Registers = 4 ;                    ;
+---------------------------------------+--------------------+


+------------------------------------------------------+
; General Register Statistics                          ;
+----------------------------------------------+-------+
; Statistic                                    ; Value ;
+----------------------------------------------+-------+
; Total registers                              ; 44    ;
; Number of registers using Synchronous Clear  ; 16    ;
; Number of registers using Synchronous Load   ; 0     ;
; Number of registers using Asynchronous Clear ; 0     ;
; Number of registers using Asynchronous Load  ; 0     ;
; Number of registers using Clock Enable       ; 6     ;
; Number of registers using Preset             ; 0     ;
+----------------------------------------------+-------+


+------------------------------------------------------------------------------------------------------------------------------------------------------------+
; Multiplexer Restructuring Statistics (Restructuring Performed)                                                                                             ;
+--------------------+-----------+---------------+----------------------+------------------------+------------+----------------------------------------------+
; Multiplexer Inputs ; Bus Width ; Baseline Area ; Area if Restructured ; Saving if Restructured ; Registered ; Example Multiplexer Output                   ;
+--------------------+-----------+---------------+----------------------+------------------------+------------+----------------------------------------------+
; 3:1                ; 2 bits    ; 4 LEs         ; 2 LEs                ; 2 LEs                  ; Yes        ; |elevator5|datapath:data1|current_floor[1]   ;
; 3:1                ; 2 bits    ; 4 LEs         ; 2 LEs                ; 2 LEs                  ; Yes        ; |elevator5|datapath:data2|current_floor[1]   ;
; 4:1                ; 2 bits    ; 4 LEs         ; 4 LEs                ; 0 LEs                  ; Yes        ; |elevator5|ratedivider:r4|q[2]               ;
; 4:1                ; 2 bits    ; 4 LEs         ; 4 LEs                ; 0 LEs                  ; Yes        ; |elevator5|ratedivider:r1|q[2]               ;
; 4:1                ; 4 bits    ; 8 LEs         ; 8 LEs                ; 0 LEs                  ; Yes        ; |elevator5|ratedividerdoors:r5|q[2]          ;
; 4:1                ; 4 bits    ; 8 LEs         ; 8 LEs                ; 0 LEs                  ; Yes        ; |elevator5|ratedividerdoors:r2|q[0]          ;
; 4:1                ; 2 bits    ; 4 LEs         ; 4 LEs                ; 0 LEs                  ; Yes        ; |elevator5|ratedivider:r0|q[0]               ;
; 4:1                ; 2 bits    ; 4 LEs         ; 4 LEs                ; 0 LEs                  ; Yes        ; |elevator5|ratedivider:r3|q[0]               ;
; 10:1               ; 2 bits    ; 12 LEs        ; 12 LEs               ; 0 LEs                  ; Yes        ; |elevator5|control_master:cm|destination2[1] ;
; 12:1               ; 2 bits    ; 16 LEs        ; 14 LEs               ; 2 LEs                  ; Yes        ; |elevator5|control_master:cm|destination1[1] ;
; 3:1                ; 3 bits    ; 6 LEs         ; 6 LEs                ; 0 LEs                  ; No         ; |elevator5|control:c2|floor2in               ;
+--------------------+-----------+---------------+----------------------+------------------------+------------+----------------------------------------------+


+-----------------------------------------+
; Port Connectivity Checks: "decoder:dc3" ;
+------+-------+----------+---------------+
; Port ; Type  ; Severity ; Details       ;
+------+-------+----------+---------------+
; a    ; Input ; Info     ; Stuck at GND  ;
; b    ; Input ; Info     ; Stuck at GND  ;
+------+-------+----------+---------------+


+-----------------------------------------+
; Port Connectivity Checks: "decoder:dc2" ;
+------+-------+----------+---------------+
; Port ; Type  ; Severity ; Details       ;
+------+-------+----------+---------------+
; a    ; Input ; Info     ; Stuck at GND  ;
; b    ; Input ; Info     ; Stuck at GND  ;
+------+-------+----------+---------------+


+-------------------------------------------------+
; Port Connectivity Checks: "ratedividerdoors:r5" ;
+------------+-------+----------+-----------------+
; Port       ; Type  ; Severity ; Details         ;
+------------+-------+----------+-----------------+
; load[4..2] ; Input ; Info     ; Stuck at VCC    ;
; load[1]    ; Input ; Info     ; Stuck at GND    ;
; load[0]    ; Input ; Info     ; Stuck at VCC    ;
+------------+-------+----------+-----------------+


+--------------------------------------------+
; Port Connectivity Checks: "ratedivider:r4" ;
+---------+-------+----------+---------------+
; Port    ; Type  ; Severity ; Details       ;
+---------+-------+----------+---------------+
; load[2] ; Input ; Info     ; Stuck at VCC  ;
; load[1] ; Input ; Info     ; Stuck at GND  ;
; load[0] ; Input ; Info     ; Stuck at VCC  ;
+---------+-------+----------+---------------+


+--------------------------------------------+
; Port Connectivity Checks: "ratedivider:r3" ;
+---------+-------+----------+---------------+
; Port    ; Type  ; Severity ; Details       ;
+---------+-------+----------+---------------+
; load[2] ; Input ; Info     ; Stuck at VCC  ;
; load[1] ; Input ; Info     ; Stuck at GND  ;
; load[0] ; Input ; Info     ; Stuck at VCC  ;
+---------+-------+----------+---------------+


+-------------------------------------------------+
; Port Connectivity Checks: "ratedividerdoors:r2" ;
+------------+-------+----------+-----------------+
; Port       ; Type  ; Severity ; Details         ;
+------------+-------+----------+-----------------+
; load[4..2] ; Input ; Info     ; Stuck at VCC    ;
; load[1]    ; Input ; Info     ; Stuck at GND    ;
; load[0]    ; Input ; Info     ; Stuck at VCC    ;
+------------+-------+----------+-----------------+


+--------------------------------------------+
; Port Connectivity Checks: "ratedivider:r1" ;
+---------+-------+----------+---------------+
; Port    ; Type  ; Severity ; Details       ;
+---------+-------+----------+---------------+
; load[2] ; Input ; Info     ; Stuck at VCC  ;
; load[1] ; Input ; Info     ; Stuck at GND  ;
; load[0] ; Input ; Info     ; Stuck at VCC  ;
+---------+-------+----------+---------------+


+--------------------------------------------+
; Port Connectivity Checks: "ratedivider:r0" ;
+---------+-------+----------+---------------+
; Port    ; Type  ; Severity ; Details       ;
+---------+-------+----------+---------------+
; load[2] ; Input ; Info     ; Stuck at VCC  ;
; load[1] ; Input ; Info     ; Stuck at GND  ;
; load[0] ; Input ; Info     ; Stuck at VCC  ;
+---------+-------+----------+---------------+


+------------------------------------------------------------------------------------------------------------------------------------------------------------------------+
; Port Connectivity Checks: "control:c2"                                                                                                                                 ;
+------+-------+----------+----------------------------------------------------------------------------------------------------------------------------------------------+
; Port ; Type  ; Severity ; Details                                                                                                                                      ;
+------+-------+----------+----------------------------------------------------------------------------------------------------------------------------------------------+
; go   ; Input ; Warning  ; Declared by entity but not connected by instance. If a default value exists, it will be used.  Otherwise, the port will be connected to GND. ;
+------+-------+----------+----------------------------------------------------------------------------------------------------------------------------------------------+


+------------------------------------------------------------------------------------------------------------------------------------------------------------------------+
; Port Connectivity Checks: "control:c1"                                                                                                                                 ;
+------+-------+----------+----------------------------------------------------------------------------------------------------------------------------------------------+
; Port ; Type  ; Severity ; Details                                                                                                                                      ;
+------+-------+----------+----------------------------------------------------------------------------------------------------------------------------------------------+
; go   ; Input ; Warning  ; Declared by entity but not connected by instance. If a default value exists, it will be used.  Otherwise, the port will be connected to GND. ;
+------+-------+----------+----------------------------------------------------------------------------------------------------------------------------------------------+


+-----------------------------------------------------+
; Post-Synthesis Netlist Statistics for Top Partition ;
+-----------------------+-----------------------------+
; Type                  ; Count                       ;
+-----------------------+-----------------------------+
; arriav_ff             ; 44                          ;
;     ENA               ; 4                           ;
;     ENA SCLR          ; 2                           ;
;     SCLR              ; 14                          ;
;     plain             ; 24                          ;
; arriav_lcell_comb     ; 119                         ;
;     normal            ; 119                         ;
;         0 data inputs ; 2                           ;
;         1 data inputs ; 6                           ;
;         2 data inputs ; 12                          ;
;         3 data inputs ; 16                          ;
;         4 data inputs ; 28                          ;
;         5 data inputs ; 33                          ;
;         6 data inputs ; 22                          ;
; boundary_port         ; 67                          ;
;                       ;                             ;
; Max LUT depth         ; 4.00                        ;
; Average LUT depth     ; 2.29                        ;
+-----------------------+-----------------------------+


+-------------------------------+
; Elapsed Time Per Partition    ;
+----------------+--------------+
; Partition Name ; Elapsed Time ;
+----------------+--------------+
; Top            ; 00:00:01     ;
+----------------+--------------+


+-------------------------------+
; Analysis & Synthesis Messages ;
+-------------------------------+
Info: *******************************************************************
Info: Running Quartus Prime Analysis & Synthesis
    Info: Version 17.0.0 Build 595 04/25/2017 SJ Lite Edition
    Info: Processing started: Sun Aug 12 18:24:21 2018
Info: Command: quartus_map --read_settings_files=on --write_settings_files=off elevator5 -c elevator5
Warning (18236): Number of processors has not been specified which may cause overloading on shared machines.  Set the global assignment NUM_PARALLEL_PROCESSORS in your QSF to an appropriate value for best performance.
Info (20030): Parallel compilation is enabled and will use 16 of the 48 processors detected
Info (12021): Found 10 design units, including 10 entities, in source file elevator5.v
    Info (12023): Found entity 1: elevator5 File: /h/u15/c5/00/mathur15/elevator5/elevator5.v Line: 1
    Info (12023): Found entity 2: datapath File: /h/u15/c5/00/mathur15/elevator5/elevator5.v Line: 258
    Info (12023): Found entity 3: ratedivider File: /h/u15/c5/00/mathur15/elevator5/elevator5.v Line: 276
    Info (12023): Found entity 4: decoder File: /h/u15/c5/00/mathur15/elevator5/elevator5.v Line: 295
    Info (12023): Found entity 5: control File: /h/u15/c5/00/mathur15/elevator5/elevator5.v Line: 344
    Info (12023): Found entity 6: decoder_right File: /h/u15/c5/00/mathur15/elevator5/elevator5.v Line: 468
    Info (12023): Found entity 7: decoder_left File: /h/u15/c5/00/mathur15/elevator5/elevator5.v Line: 503
    Info (12023): Found entity 8: ratedividerdoors File: /h/u15/c5/00/mathur15/elevator5/elevator5.v Line: 538
    Info (12023): Found entity 9: register File: /h/u15/c5/00/mathur15/elevator5/elevator5.v Line: 558
    Info (12023): Found entity 10: control_master File: /h/u15/c5/00/mathur15/elevator5/elevator5.v Line: 573
Warning (10236): Verilog HDL Implicit Net warning at elevator5.v(75): created implicit net for "control_enable1" File: /h/u15/c5/00/mathur15/elevator5/elevator5.v Line: 75
Warning (10236): Verilog HDL Implicit Net warning at elevator5.v(95): created implicit net for "control_enable2" File: /h/u15/c5/00/mathur15/elevator5/elevator5.v Line: 95
Info (12127): Elaborating entity "elevator5" for the top level hierarchy
Warning (10034): Output port "LEDR[9..4]" at elevator5.v(5) has no driver File: /h/u15/c5/00/mathur15/elevator5/elevator5.v Line: 5
Info (12128): Elaborating entity "register" for hierarchy "register:fl0" File: /h/u15/c5/00/mathur15/elevator5/elevator5.v Line: 38
Info (12128): Elaborating entity "control" for hierarchy "control:c1" File: /h/u15/c5/00/mathur15/elevator5/elevator5.v Line: 84
Warning (10240): Verilog HDL Always Construct warning at elevator5.v(403): inferring latch(es) for variable "move_up", which holds its previous value in one or more paths through the always construct File: /h/u15/c5/00/mathur15/elevator5/elevator5.v Line: 403
Info (10041): Inferred latch for "move_up" at elevator5.v(403) File: /h/u15/c5/00/mathur15/elevator5/elevator5.v Line: 403
Info (12128): Elaborating entity "control_master" for hierarchy "control_master:cm" File: /h/u15/c5/00/mathur15/elevator5/elevator5.v Line: 125
Info (12128): Elaborating entity "ratedivider" for hierarchy "ratedivider:r0" File: /h/u15/c5/00/mathur15/elevator5/elevator5.v Line: 132
Info (12128): Elaborating entity "ratedividerdoors" for hierarchy "ratedividerdoors:r2" File: /h/u15/c5/00/mathur15/elevator5/elevator5.v Line: 146
Info (12128): Elaborating entity "datapath" for hierarchy "datapath:data1" File: /h/u15/c5/00/mathur15/elevator5/elevator5.v Line: 184
Info (12128): Elaborating entity "decoder_right" for hierarchy "decoder_right:dc0" File: /h/u15/c5/00/mathur15/elevator5/elevator5.v Line: 200
Warning (10240): Verilog HDL Always Construct warning at elevator5.v(486): inferring latch(es) for variable "s1", which holds its previous value in one or more paths through the always construct File: /h/u15/c5/00/mathur15/elevator5/elevator5.v Line: 486
Warning (10240): Verilog HDL Always Construct warning at elevator5.v(486): inferring latch(es) for variable "s2", which holds its previous value in one or more paths through the always construct File: /h/u15/c5/00/mathur15/elevator5/elevator5.v Line: 486
Warning (10240): Verilog HDL Always Construct warning at elevator5.v(486): inferring latch(es) for variable "s4", which holds its previous value in one or more paths through the always construct File: /h/u15/c5/00/mathur15/elevator5/elevator5.v Line: 486
Warning (10240): Verilog HDL Always Construct warning at elevator5.v(486): inferring latch(es) for variable "s5", which holds its previous value in one or more paths through the always construct File: /h/u15/c5/00/mathur15/elevator5/elevator5.v Line: 486
Info (12128): Elaborating entity "decoder_left" for hierarchy "decoder_left:dc1" File: /h/u15/c5/00/mathur15/elevator5/elevator5.v Line: 209
Warning (10240): Verilog HDL Always Construct warning at elevator5.v(521): inferring latch(es) for variable "s1", which holds its previous value in one or more paths through the always construct File: /h/u15/c5/00/mathur15/elevator5/elevator5.v Line: 521
Warning (10240): Verilog HDL Always Construct warning at elevator5.v(521): inferring latch(es) for variable "s2", which holds its previous value in one or more paths through the always construct File: /h/u15/c5/00/mathur15/elevator5/elevator5.v Line: 521
Warning (10240): Verilog HDL Always Construct warning at elevator5.v(521): inferring latch(es) for variable "s4", which holds its previous value in one or more paths through the always construct File: /h/u15/c5/00/mathur15/elevator5/elevator5.v Line: 521
Warning (10240): Verilog HDL Always Construct warning at elevator5.v(521): inferring latch(es) for variable "s5", which holds its previous value in one or more paths through the always construct File: /h/u15/c5/00/mathur15/elevator5/elevator5.v Line: 521
Info (12128): Elaborating entity "decoder" for hierarchy "decoder:dc2" File: /h/u15/c5/00/mathur15/elevator5/elevator5.v Line: 221
Warning (12241): 2 hierarchies have connectivity warnings - see the Connectivity Checks report folder
Warning (13024): Output pins are stuck at VCC or GND
    Warning (13410): Pin "LEDR[4]" is stuck at GND File: /h/u15/c5/00/mathur15/elevator5/elevator5.v Line: 5
    Warning (13410): Pin "LEDR[5]" is stuck at GND File: /h/u15/c5/00/mathur15/elevator5/elevator5.v Line: 5
    Warning (13410): Pin "LEDR[6]" is stuck at GND File: /h/u15/c5/00/mathur15/elevator5/elevator5.v Line: 5
    Warning (13410): Pin "LEDR[7]" is stuck at GND File: /h/u15/c5/00/mathur15/elevator5/elevator5.v Line: 5
    Warning (13410): Pin "LEDR[8]" is stuck at GND File: /h/u15/c5/00/mathur15/elevator5/elevator5.v Line: 5
    Warning (13410): Pin "LEDR[9]" is stuck at GND File: /h/u15/c5/00/mathur15/elevator5/elevator5.v Line: 5
    Warning (13410): Pin "HEX2[1]" is stuck at GND File: /h/u15/c5/00/mathur15/elevator5/elevator5.v Line: 7
    Warning (13410): Pin "HEX3[1]" is stuck at GND File: /h/u15/c5/00/mathur15/elevator5/elevator5.v Line: 7
    Warning (13410): Pin "HEX0[0]" is stuck at VCC File: /h/u15/c5/00/mathur15/elevator5/elevator5.v Line: 7
    Warning (13410): Pin "HEX0[3]" is stuck at VCC File: /h/u15/c5/00/mathur15/elevator5/elevator5.v Line: 7
    Warning (13410): Pin "HEX0[6]" is stuck at VCC File: /h/u15/c5/00/mathur15/elevator5/elevator5.v Line: 7
    Warning (13410): Pin "HEX1[0]" is stuck at VCC File: /h/u15/c5/00/mathur15/elevator5/elevator5.v Line: 7
    Warning (13410): Pin "HEX1[3]" is stuck at VCC File: /h/u15/c5/00/mathur15/elevator5/elevator5.v Line: 7
    Warning (13410): Pin "HEX1[6]" is stuck at VCC File: /h/u15/c5/00/mathur15/elevator5/elevator5.v Line: 7
    Warning (13410): Pin "HEX4[0]" is stuck at VCC File: /h/u15/c5/00/mathur15/elevator5/elevator5.v Line: 7
    Warning (13410): Pin "HEX4[3]" is stuck at VCC File: /h/u15/c5/00/mathur15/elevator5/elevator5.v Line: 7
    Warning (13410): Pin "HEX4[6]" is stuck at VCC File: /h/u15/c5/00/mathur15/elevator5/elevator5.v Line: 7
    Warning (13410): Pin "HEX5[0]" is stuck at VCC File: /h/u15/c5/00/mathur15/elevator5/elevator5.v Line: 7
    Warning (13410): Pin "HEX5[3]" is stuck at VCC File: /h/u15/c5/00/mathur15/elevator5/elevator5.v Line: 7
    Warning (13410): Pin "HEX5[6]" is stuck at VCC File: /h/u15/c5/00/mathur15/elevator5/elevator5.v Line: 7
Info (286030): Timing-Driven Synthesis is running
Info (17049): 4 registers lost all their fanouts during netlist optimizations.
Info (16010): Generating hard_block partition "hard_block:auto_generated_inst"
    Info (16011): Adding 0 node(s), including 0 DDIO, 0 PLL, 0 transceiver and 0 LCELL
Warning (21074): Design contains 9 input pin(s) that do not drive logic
    Warning (15610): No output dependent on input pin "SW[0]" File: /h/u15/c5/00/mathur15/elevator5/elevator5.v Line: 3
    Warning (15610): No output dependent on input pin "SW[1]" File: /h/u15/c5/00/mathur15/elevator5/elevator5.v Line: 3
    Warning (15610): No output dependent on input pin "SW[2]" File: /h/u15/c5/00/mathur15/elevator5/elevator5.v Line: 3
    Warning (15610): No output dependent on input pin "SW[3]" File: /h/u15/c5/00/mathur15/elevator5/elevator5.v Line: 3
    Warning (15610): No output dependent on input pin "SW[4]" File: /h/u15/c5/00/mathur15/elevator5/elevator5.v Line: 3
    Warning (15610): No output dependent on input pin "SW[5]" File: /h/u15/c5/00/mathur15/elevator5/elevator5.v Line: 3
    Warning (15610): No output dependent on input pin "SW[6]" File: /h/u15/c5/00/mathur15/elevator5/elevator5.v Line: 3
    Warning (15610): No output dependent on input pin "SW[7]" File: /h/u15/c5/00/mathur15/elevator5/elevator5.v Line: 3
    Warning (15610): No output dependent on input pin "SW[8]" File: /h/u15/c5/00/mathur15/elevator5/elevator5.v Line: 3
Info (21057): Implemented 178 device resources after synthesis - the final resource count might be different
    Info (21058): Implemented 15 input pins
    Info (21059): Implemented 52 output pins
    Info (21061): Implemented 111 logic cells
Info: Quartus Prime Analysis & Synthesis was successful. 0 errors, 45 warnings
    Info: Peak virtual memory: 1095 megabytes
    Info: Processing ended: Sun Aug 12 18:24:41 2018
    Info: Elapsed time: 00:00:20
    Info: Total CPU time (on all processors): 00:00:51


